<?xml version="1.0" encoding="UTF-8"?>
<!-- Generated by org.testng.reporters.JUnitReportReporter -->
<testsuite hostname="Surya" failures="0" tests="1" name="actitime.testScript.TypeofWork" time="14.487" errors="0" timestamp="2023-07-13T13:24:00 IST" skipped="0">
  <testcase classname="actitime.testScript.TypeofWork" name="AlertHandle" time="14.487"/>
</testsuite> <!-- actitime.testScript.TypeofWork -->
