<?xml version="1.0" encoding="UTF-8"?>
<!-- Generated by org.testng.reporters.JUnitReportReporter -->
<testsuite hostname="Surya" failures="0" tests="1" name="actitime.testScript.DropdownHandleTest" time="26.042" errors="0" timestamp="2023-08-09T12:01:02 IST" skipped="0">
  <testcase classname="actitime.testScript.DropdownHandleTest" name="handleDropdown" time="26.042"/>
</testsuite> <!-- actitime.testScript.DropdownHandleTest -->
