<?xml version="1.0" encoding="UTF-8"?>
<!-- Generated by org.testng.reporters.JUnitReportReporter -->
<testsuite hostname="Surya" failures="0" tests="1" name="actitime.testScript.DemoTest1" time="0.011" errors="0" timestamp="2023-07-08T10:55:48 IST" skipped="0">
  <testcase classname="actitime.testScript.DemoTest1" name="m1" time="0.011"/>
</testsuite> <!-- actitime.testScript.DemoTest1 -->
