<?xml version="1.0" encoding="UTF-8"?>
<!-- Generated by org.testng.reporters.JUnitReportReporter -->
<testsuite hostname="Surya" failures="0" tests="1" name="actitime.testScript.CreateCustomer" time="23.105" errors="0" timestamp="2023-08-09T11:59:52 IST" skipped="0">
  <testcase classname="actitime.testScript.CreateCustomer" name="customerCreate" time="23.105"/>
</testsuite> <!-- actitime.testScript.CreateCustomer -->
